Starting "SYS"."SYS_EXPORT_TABLE_01":  <?xml version="1.0"?>
<ROW>
 <SRC_NAME>OTISCVGT_CVGT</SRC_NAME>
 <SRC_DBID>1759634423</SRC_DBID>
 <BEGIN_SNAP>482</BEGIN_SNAP>
 <END_SNAP>485</END_SNAP>
 <DB_NAME>OTISCVGT</DB_NAME>
 <DB_VERSION>19.0.0.0.0</DB_VERSION>
 <WR_VERSION>30</WR_VERSION>
</ROW>
W-1 Startup took 1 seconds
W-1 Processing object type TABLE_EXPORT/TABLE/TABLE_DATA
W-1 Processing object type TABLE_EXPORT/TABLE/TABLE
W-1      Completed 147 TABLE objects in 20 seconds
W-1 Processing object type TABLE_EXPORT/TABLE/CONSTRAINT/CONSTRAINT
W-1      Completed 138 CONSTRAINT objects in 2 seconds
W-1 Processing object type TABLE_EXPORT/TABLE/CONSTRAINT/REF_CONSTRAINT
W-1      Completed 1 REF_CONSTRAINT objects in 0 seconds
W-1 . . exported "SYS"."WRH$_SQL_PLAN"                       1.370 MB    3271 rows in 1 seconds using external_table
W-1 . . exported "SYS"."WRH$_ENQUEUE_STAT"                   84.69 KB    1164 rows in 1 seconds using external_table
W-1 . . exported "SYS"."WRH$_SYSSTAT":"WRH$_SYSSTAT_1759634423_498"  609.7 KB   16448 rows in 0 seconds using external_table
W-1 . . exported "SYS"."WRH$_SYSSTAT":"WRH$_SYSSTAT_1759634423_350"  7.578 KB       0 rows in 0 seconds using external_table
W-1 . . exported "SYS"."WRH$_SYSSTAT":"WRH$_SYSSTAT_1759634423_398"  7.578 KB       0 rows in 1 seconds using external_table
W-1 . . exported "SYS"."WRH$_SYSSTAT":"WRH$_SYSSTAT_1759634423_446"  7.578 KB       0 rows in 0 seconds using external_table
W-1 . . exported "SYS"."WRH$_SYSSTAT":"WRH$_SYSSTAT_1759634423_594"  7.578 KB       0 rows in 0 seconds using external_table
W-1 . . exported "SYS"."WRH$_SYSSTAT":"WRH$_SYSSTAT_1759634423_252"  7.578 KB       0 rows in 1 seconds using external_table
W-1 . . exported "SYS"."WRH$_SYSSTAT":"WRH$_SYSSTAT_1759634423_300"  7.578 KB       0 rows in 0 seconds using external_table
W-1 . . exported "SYS"."WRH$_LATCH":"WRH$_LATCH_1759634423_498"  538.5 KB    8824 rows in 1 seconds using external_table
W-1 . . exported "SYS"."WRH$_LATCH":"WRH$_LATCH_1759634423_350"  12.25 KB       0 rows in 0 seconds using external_table
W-1 . . exported "SYS"."WRH$_SYSSTAT":"WRH$_SYSSTAT_1759634423_546"  7.578 KB       0 rows in 0 seconds using external_table
W-1 . . exported "SYS"."WRH$_LATCH":"WRH$_LATCH_1759634423_252"  12.25 KB       0 rows in 1 seconds using external_table
W-1 . . exported "SYS"."WRH$_LATCH":"WRH$_LATCH_1759634423_300"  12.25 KB       0 rows in 0 seconds using external_table
W-1 . . exported "SYS"."WRH$_LATCH":"WRH$_LATCH_1759634423_398"  12.25 KB       0 rows in 0 seconds using external_table
W-1 . . exported "SYS"."WRH$_LATCH":"WRH$_LATCH_1759634423_446"  12.25 KB       0 rows in 0 seconds using external_table
W-1 . . exported "SYS"."WRH$_LATCH":"WRH$_LATCH_1759634423_594"  12.25 KB       0 rows in 0 seconds using external_table
W-1 . . exported "SYS"."WRH$_LATCH":"WRH$_LATCH_1759634423_546"  12.25 KB       0 rows in 0 seconds using external_table
W-1 . . exported "SYS"."WRH$_BG_EVENT_SUMMARY"               65.30 KB    1270 rows in 0 seconds using external_table
W-1 . . exported "SYS"."WRM$_SNAPSHOT_DETAILS"               48.87 KB     892 rows in 1 seconds using external_table
W-1 . . exported "SYS"."WRH$_CON_SYSMETRIC_SUMMARY"          51.49 KB     440 rows in 0 seconds using external_table
W-1 . . exported "SYS"."WRH$_SYSSTAT":"WRH$_SYSSTAT_1759634423_MXSN"  7.578 KB       0 rows in 0 seconds using external_table
W-1 . . exported "SYS"."WRH$_LATCH":"WRH$_LATCH_1759634423_MXSN"  12.25 KB       0 rows in 1 seconds using external_table
W-1 . . exported "SYS"."WRH$_PARAMETER":"WRH$_PARAMETER_1759634423_498"  193.6 KB    3680 rows in 0 seconds using external_table
W-1 . . exported "SYS"."WRH$_SQLSTAT":"WRH$_SQLSTAT_1759634423_498"  232.0 KB     627 rows in 1 seconds using external_table
W-1 . . exported "SYS"."WRH$_PARAMETER":"WRH$_PARAMETER_1759634423_350"  8.437 KB       0 rows in 0 seconds using external_table
W-1 . . exported "SYS"."WRH$_SQLSTAT":"WRH$_SQLSTAT_1759634423_350"  39.85 KB       0 rows in 0 seconds using external_table
W-1 . . exported "SYS"."WRH$_PARAMETER":"WRH$_PARAMETER_1759634423_252"  8.437 KB       0 rows in 0 seconds using external_table
W-1 . . exported "SYS"."WRH$_PARAMETER":"WRH$_PARAMETER_1759634423_300"  8.437 KB       0 rows in 0 seconds using external_table
W-1 . . exported "SYS"."WRH$_PARAMETER":"WRH$_PARAMETER_1759634423_398"  8.437 KB       0 rows in 0 seconds using external_table
W-1 . . exported "SYS"."WRH$_PARAMETER":"WRH$_PARAMETER_1759634423_446"  8.437 KB       0 rows in 0 seconds using external_table
W-1 . . exported "SYS"."WRH$_LATCH_MISSES_SUMMARY":"WRH$_LATCH_MISSES_SUMMARY_1759634423_594"  8.890 KB       0 rows in 1 seconds using external_table
W-1 . . exported "SYS"."WRH$_SQLSTAT":"WRH$_SQLSTAT_1759634423_398"  39.85 KB       0 rows in 0 seconds using external_table
W-1 . . exported "SYS"."WRH$_PARAMETER":"WRH$_PARAMETER_1759634423_594"  8.437 KB       0 rows in 0 seconds using external_table
W-1 . . exported "SYS"."WRH$_LATCH_MISSES_SUMMARY":"WRH$_LATCH_MISSES_SUMMARY_1759634423_498"  175.7 KB    2285 rows in 1 seconds using external_table
W-1 . . exported "SYS"."WRH$_MUTEX_SLEEP"                    29.65 KB     331 rows in 0 seconds using external_table
W-1 . . exported "SYS"."WRH$_SQLSTAT":"WRH$_SQLSTAT_1759634423_546"  39.85 KB       0 rows in 0 seconds using external_table
W-1 . . exported "SYS"."WRH$_LIBRARYCACHE"                   31.56 KB     280 rows in 0 seconds using external_table
W-1 . . exported "SYS"."WRH$_SQLSTAT":"WRH$_SQLSTAT_1759634423_252"  39.85 KB       0 rows in 0 seconds using external_table
W-1 . . exported "SYS"."WRH$_SQLSTAT":"WRH$_SQLSTAT_1759634423_594"  39.85 KB       0 rows in 0 seconds using external_table
W-1 . . exported "SYS"."WRH$_SQLSTAT":"WRH$_SQLSTAT_1759634423_300"  39.85 KB       0 rows in 1 seconds using external_table
W-1 . . exported "SYS"."WRH$_PARAMETER":"WRH$_PARAMETER_1759634423_546"  8.437 KB       0 rows in 0 seconds using external_table
W-1 . . exported "SYS"."WRH$_SQLSTAT":"WRH$_SQLSTAT_1759634423_446"  39.85 KB       0 rows in 0 seconds using external_table
W-1 . . exported "SYS"."WRH$_LATCH_MISSES_SUMMARY":"WRH$_LATCH_MISSES_SUMMARY_1759634423_446"  8.890 KB       0 rows in 1 seconds using external_table
W-1 . . exported "SYS"."WRH$_LATCH_MISSES_SUMMARY":"WRH$_LATCH_MISSES_SUMMARY_1759634423_546"  8.890 KB       0 rows in 0 seconds using external_table
W-1 . . exported "SYS"."WRH$_LATCH_MISSES_SUMMARY":"WRH$_LATCH_MISSES_SUMMARY_1759634423_350"  8.890 KB       0 rows in 0 seconds using external_table
W-1 . . exported "SYS"."WRH$_SHARED_POOL_ADVICE"             27.77 KB     256 rows in 0 seconds using external_table
W-1 . . exported "SYS"."WRH$_LATCH_MISSES_SUMMARY":"WRH$_LATCH_MISSES_SUMMARY_1759634423_398"  8.890 KB       0 rows in 1 seconds using external_table
W-1 . . exported "SYS"."WRH$_SEG_STAT":"WRH$_SEG_STAT_1759634423_498"  151.9 KB     764 rows in 0 seconds using external_table
W-1 . . exported "SYS"."WRH$_LATCH_MISSES_SUMMARY":"WRH$_LATCH_MISSES_SUMMARY_1759634423_300"  8.890 KB       0 rows in 0 seconds using external_table
W-1 . . exported "SYS"."WRH$_IOSTAT_DETAIL"                  26.72 KB     236 rows in 1 seconds using external_table
W-1 . . exported "SYS"."WRH$_SEG_STAT":"WRH$_SEG_STAT_1759634423_594"  29.52 KB       0 rows in 0 seconds using external_table
W-1 . . exported "SYS"."WRH$_SEG_STAT":"WRH$_SEG_STAT_1759634423_350"  29.52 KB       0 rows in 0 seconds using external_table
W-1 . . exported "SYS"."WRH$_SEG_STAT":"WRH$_SEG_STAT_1759634423_546"  29.52 KB       0 rows in 0 seconds using external_table
W-1 . . exported "SYS"."WRH$_SEG_STAT":"WRH$_SEG_STAT_1759634423_398"  29.52 KB       0 rows in 0 seconds using external_table
W-1 . . exported "SYS"."WRH$_SEG_STAT":"WRH$_SEG_STAT_1759634423_446"  29.52 KB       0 rows in 1 seconds using external_table
W-1 . . exported "SYS"."WRH$_LATCH_MISSES_SUMMARY":"WRH$_LATCH_MISSES_SUMMARY_1759634423_252"  8.890 KB       0 rows in 0 seconds using external_table
W-1 . . exported "SYS"."WRH$_CON_SYSSTAT":"WRH$_CON_SYSSTAT_1759634423_498"  126.7 KB    3068 rows in 0 seconds using external_table
W-1 . . exported "SYS"."WRH$_SEG_STAT":"WRH$_SEG_STAT_1759634423_300"  29.52 KB       0 rows in 0 seconds using external_table
W-1 . . exported "SYS"."WRH$_MEM_DYNAMIC_COMP"               24.46 KB     176 rows in 1 seconds using external_table
W-1 . . exported "SYS"."WRH$_SEG_STAT":"WRH$_SEG_STAT_1759634423_252"  29.52 KB       0 rows in 0 seconds using external_table
W-1 . . exported "SYS"."WRH$_CON_SYSSTAT":"WRH$_CON_SYSSTAT_1759634423_446"  7.585 KB       0 rows in 0 seconds using external_table
W-1 . . exported "SYS"."WRH$_CON_SYSSTAT":"WRH$_CON_SYSSTAT_1759634423_594"  7.585 KB       0 rows in 0 seconds using external_table
W-1 . . exported "SYS"."WRH$_CON_SYSSTAT":"WRH$_CON_SYSSTAT_1759634423_350"  7.585 KB       0 rows in 1 seconds using external_table
W-1 . . exported "SYS"."WRH$_CON_SYSSTAT":"WRH$_CON_SYSSTAT_1759634423_546"  7.585 KB       0 rows in 0 seconds using external_table
W-1 . . exported "SYS"."WRH$_CON_SYSSTAT":"WRH$_CON_SYSSTAT_1759634423_398"  7.585 KB       0 rows in 0 seconds using external_table
W-1 . . exported "SYS"."WRH$_CON_SYSTEM_EVENT":"WRH$_CON_SYSTEM_EVENT_1759634423_498"  100.1 KB    1646 rows in 0 seconds using external_table
W-1 . . exported "SYS"."WRH$_SYSTEM_EVENT":"WRH$_SYSTEM_EVENT_1759634423_498"  100.1 KB    1646 rows in 0 seconds using external_table
W-1 . . exported "SYS"."WRH$_IC_DEVICE_STATS"                24.21 KB      92 rows in 1 seconds using external_table
W-1 . . exported "SYS"."WRH$_CON_SYSSTAT":"WRH$_CON_SYSSTAT_1759634423_300"  7.585 KB       0 rows in 0 seconds using external_table
W-1 . . exported "SYS"."WRH$_LATCH_MISSES_SUMMARY":"WRH$_LATCH_MISSES_SUMMARY_1759634423_MXSN"  8.890 KB       0 rows in 0 seconds using external_table
W-1 . . exported "SYS"."WRH$_CON_SYSTEM_EVENT":"WRH$_CON_SYSTEM_EVENT_1759634423_594"  9.757 KB       0 rows in 0 seconds using external_table
W-1 . . exported "SYS"."WRH$_SYSTEM_EVENT":"WRH$_SYSTEM_EVENT_1759634423_594"   9.75 KB       0 rows in 1 seconds using external_table
W-1 . . exported "SYS"."WRH$_CON_SYSTEM_EVENT":"WRH$_CON_SYSTEM_EVENT_1759634423_446"  9.757 KB       0 rows in 0 seconds using external_table
W-1 . . exported "SYS"."WRH$_SYSTEM_EVENT":"WRH$_SYSTEM_EVENT_1759634423_446"   9.75 KB       0 rows in 0 seconds using external_table
W-1 . . exported "SYS"."WRH$_CON_SYSSTAT":"WRH$_CON_SYSSTAT_1759634423_252"  7.585 KB       0 rows in 1 seconds using external_table
W-1 . . exported "SYS"."WRH$_CON_SYSTEM_EVENT":"WRH$_CON_SYSTEM_EVENT_1759634423_350"  9.757 KB       0 rows in 0 seconds using external_table
W-1 . . exported "SYS"."WRH$_SYSTEM_EVENT":"WRH$_SYSTEM_EVENT_1759634423_350"   9.75 KB       0 rows in 0 seconds using external_table
W-1 . . exported "SYS"."WRH$_CON_SYSTEM_EVENT":"WRH$_CON_SYSTEM_EVENT_1759634423_398"  9.757 KB       0 rows in 1 seconds using external_table
W-1 . . exported "SYS"."WRH$_SYSTEM_EVENT":"WRH$_SYSTEM_EVENT_1759634423_398"   9.75 KB       0 rows in 0 seconds using external_table
W-1 . . exported "SYS"."WRH$_PARAMETER":"WRH$_PARAMETER_1759634423_MXSN"  8.437 KB       0 rows in 0 seconds using external_table
W-1 . . exported "SYS"."WRH$_CON_SYSTEM_EVENT":"WRH$_CON_SYSTEM_EVENT_1759634423_546"  9.757 KB       0 rows in 1 seconds using external_table
W-1 . . exported "SYS"."WRH$_SYSTEM_EVENT":"WRH$_SYSTEM_EVENT_1759634423_546"   9.75 KB       0 rows in 0 seconds using external_table
W-1 . . exported "SYS"."WRH$_SQLSTAT":"WRH$_SQLSTAT_1759634423_MXSN"  39.85 KB       0 rows in 0 seconds using external_table
W-1 . . exported "SYS"."WRH$_CON_SYSTEM_EVENT":"WRH$_CON_SYSTEM_EVENT_1759634423_300"  9.757 KB       0 rows in 1 seconds using external_table
W-1 . . exported "SYS"."WRH$_SYSTEM_EVENT":"WRH$_SYSTEM_EVENT_1759634423_300"   9.75 KB       0 rows in 0 seconds using external_table
W-1 . . exported "SYS"."WRH$_CON_SYSTEM_EVENT":"WRH$_CON_SYSTEM_EVENT_1759634423_252"  9.757 KB       0 rows in 0 seconds using external_table
W-1 . . exported "SYS"."WRH$_SYSTEM_EVENT":"WRH$_SYSTEM_EVENT_1759634423_252"   9.75 KB       0 rows in 0 seconds using external_table
W-1 . . exported "SYS"."WRH$_DLM_MISC":"WRH$_DLM_MISC_1759634423_498"  69.01 KB    1024 rows in 0 seconds using external_table
W-1 . . exported "SYS"."WRH$_DLM_MISC":"WRH$_DLM_MISC_1759634423_350"      8 KB       0 rows in 0 seconds using external_table
W-1 . . exported "SYS"."WRH$_ACTIVE_SESSION_HISTORY":"WRH$_ACTIVE_SESSION_HISTORY_1759634423_498"  601.1 KB    1428 rows in 0 seconds using external_table
W-1 . . exported "SYS"."WRH$_IOSTAT_FUNCTION"                18.65 KB     120 rows in 0 seconds using external_table
W-1 . . exported "SYS"."WRH$_DLM_MISC":"WRH$_DLM_MISC_1759634423_252"      8 KB       0 rows in 0 seconds using external_table
W-1 . . exported "SYS"."WRH$_DLM_MISC":"WRH$_DLM_MISC_1759634423_300"      8 KB       0 rows in 1 seconds using external_table
W-1 . . exported "SYS"."WRH$_DLM_MISC":"WRH$_DLM_MISC_1759634423_398"      8 KB       0 rows in 0 seconds using external_table
W-1 . . exported "SYS"."WRH$_DLM_MISC":"WRH$_DLM_MISC_1759634423_446"      8 KB       0 rows in 0 seconds using external_table
W-1 . . exported "SYS"."WRH$_SEG_STAT":"WRH$_SEG_STAT_1759634423_MXSN"  29.52 KB       0 rows in 0 seconds using external_table
W-1 . . exported "SYS"."WRH$_SQLTEXT"                        99.03 KB     216 rows in 0 seconds using external_table
W-1 . . exported "SYS"."WRH$_DLM_MISC":"WRH$_DLM_MISC_1759634423_594"      8 KB       0 rows in 0 seconds using external_table
W-1 . . exported "SYS"."WRH$_PGA_TARGET_ADVICE"              17.01 KB     112 rows in 1 seconds using external_table
W-1 . . exported "SYS"."WRH$_CON_SYSSTAT":"WRH$_CON_SYSSTAT_1759634423_MXSN"  7.585 KB       0 rows in 0 seconds using external_table
W-1 . . exported "SYS"."WRH$_CHANNEL_WAITS"                  14.94 KB     100 rows in 0 seconds using external_table
W-1 . . exported "SYS"."WRH$_DLM_MISC":"WRH$_DLM_MISC_1759634423_546"      8 KB       0 rows in 0 seconds using external_table
W-1 . . exported "SYS"."WRH$_STREAMS_POOL_ADVICE"            15.92 KB     160 rows in 1 seconds using external_table
W-1 . . exported "SYS"."WRH$_JAVA_POOL_ADVICE"               16.84 KB     124 rows in 0 seconds using external_table
W-1 . . exported "SYS"."WRH$_RSRC_PLAN"                      15.72 KB      64 rows in 0 seconds using external_table
W-1 . . exported "SYS"."WRH$_PGASTAT"                        13.25 KB     104 rows in 0 seconds using external_table
W-1 . . exported "SYS"."WRH$_PERSISTENT_QMN_CACHE"           22.60 KB      60 rows in 1 seconds using external_table
W-1 . . exported "SYS"."WRH$_PROCESS_MEMORY_SUMMARY"         15.92 KB      64 rows in 0 seconds using external_table
W-1 . . exported "SYS"."WRH$_CON_SYSTEM_EVENT":"WRH$_CON_SYSTEM_EVENT_1759634423_MXSN"  9.757 KB       0 rows in 0 seconds using external_table
W-1 . . exported "SYS"."WRH$_SYSTEM_EVENT":"WRH$_SYSTEM_EVENT_1759634423_MXSN"   9.75 KB       0 rows in 0 seconds using external_table
W-1 . . exported "SYS"."WRH$_SGA_TARGET_ADVICE"              13.48 KB     112 rows in 1 seconds using external_table
W-1 . . exported "SYS"."WRH$_SQL_WORKAREA_HISTOGRAM"         14.47 KB     104 rows in 0 seconds using external_table
W-1 . . exported "SYS"."WRH$_LOG"                            15.14 KB      64 rows in 0 seconds using external_table
W-1 . . exported "SYS"."WRH$_UNDOSTAT"                       18.12 KB      15 rows in 0 seconds using external_table
W-1 . . exported "SYS"."WRH$_ROWCACHE_SUMMARY":"WRH$_ROWCACHE_SUMMARY_1759634423_498"  48.67 KB     512 rows in 1 seconds using external_table
W-1 . . exported "SYS"."WRH$_ROWCACHE_SUMMARY":"WRH$_ROWCACHE_SUMMARY_1759634423_350"  12.28 KB       0 rows in 0 seconds using external_table
W-1 . . exported "SYS"."WRH$_ROWCACHE_SUMMARY":"WRH$_ROWCACHE_SUMMARY_1759634423_300"  12.28 KB       0 rows in 0 seconds using external_table
W-1 . . exported "SYS"."WRH$_ROWCACHE_SUMMARY":"WRH$_ROWCACHE_SUMMARY_1759634423_398"  12.28 KB       0 rows in 0 seconds using external_table
W-1 . . exported "SYS"."WRH$_ROWCACHE_SUMMARY":"WRH$_ROWCACHE_SUMMARY_1759634423_446"  12.28 KB       0 rows in 0 seconds using external_table
W-1 . . exported "SYS"."WRH$_ROWCACHE_SUMMARY":"WRH$_ROWCACHE_SUMMARY_1759634423_594"  12.28 KB       0 rows in 0 seconds using external_table
W-1 . . exported "SYS"."WRH$_ROWCACHE_SUMMARY":"WRH$_ROWCACHE_SUMMARY_1759634423_252"  12.28 KB       0 rows in 0 seconds using external_table
W-1 . . exported "SYS"."WRH$_SQL_BIND_METADATA"              59.58 KB     735 rows in 1 seconds using external_table
W-1 . . exported "SYS"."WRH$_ROWCACHE_SUMMARY":"WRH$_ROWCACHE_SUMMARY_1759634423_546"  12.28 KB       0 rows in 0 seconds using external_table
W-1 . . exported "SYS"."WRH$_IC_CLIENT_STATS"                11.74 KB      88 rows in 0 seconds using external_table
W-1 . . exported "SYS"."WRH$_DLM_MISC":"WRH$_DLM_MISC_1759634423_MXSN"      8 KB       0 rows in 0 seconds using external_table
W-1 . . exported "SYS"."WRH$_PERSISTENT_SUBSCRIBERS"         17.92 KB      24 rows in 0 seconds using external_table
W-1 . . exported "SYS"."WRH$_PARAMETER_NAME"                 314.6 KB    5862 rows in 0 seconds using external_table
W-1 . . exported "SYS"."WRH$_MTTR_TARGET_ADVICE"             13.38 KB      40 rows in 0 seconds using external_table
W-1 . . exported "SYS"."WRH$_SERVICE_STAT":"WRH$_SERVICE_STAT_1759634423_498"  29.29 KB     464 rows in 0 seconds using external_table
W-1 . . exported "SYS"."WRH$_SERVICE_STAT":"WRH$_SERVICE_STAT_1759634423_350"  8.015 KB       0 rows in 0 seconds using external_table
W-1 . . exported "SYS"."WRH$_SERVICE_STAT":"WRH$_SERVICE_STAT_1759634423_300"  8.015 KB       0 rows in 1 seconds using external_table
W-1 . . exported "SYS"."WRH$_SERVICE_STAT":"WRH$_SERVICE_STAT_1759634423_398"  8.015 KB       0 rows in 0 seconds using external_table
W-1 . . exported "SYS"."WRH$_SERVICE_STAT":"WRH$_SERVICE_STAT_1759634423_446"  8.015 KB       0 rows in 0 seconds using external_table
W-1 . . exported "SYS"."WRH$_SERVICE_STAT":"WRH$_SERVICE_STAT_1759634423_594"  8.015 KB       0 rows in 0 seconds using external_table
W-1 . . exported "SYS"."WRH$_SERVICE_STAT":"WRH$_SERVICE_STAT_1759634423_252"  8.015 KB       0 rows in 0 seconds using external_table
W-1 . . exported "SYS"."WRH$_TABLESPACE_SPACE_USAGE"         10.67 KB      36 rows in 0 seconds using external_table
W-1 . . exported "SYS"."WRH$_SERVICE_STAT":"WRH$_SERVICE_STAT_1759634423_546"  8.015 KB       0 rows in 0 seconds using external_table
W-1 . . exported "SYS"."WRH$_ROWCACHE_SUMMARY":"WRH$_ROWCACHE_SUMMARY_1759634423_MXSN"  12.28 KB       0 rows in 1 seconds using external_table
W-1 . . exported "SYS"."WRH$_SESS_TIME_STATS"                11.25 KB      28 rows in 0 seconds using external_table
W-1 . . exported "SYS"."WRH$_RSRC_METRIC"                    14.60 KB      24 rows in 0 seconds using external_table
W-1 . . exported "SYS"."WRH$_PERSISTENT_QUEUES"              19.81 KB      12 rows in 0 seconds using external_table
W-1 . . exported "SYS"."WRH$_SEG_STAT_OBJ"                   34.03 KB     216 rows in 1 seconds using external_table
W-1 . . exported "SYS"."WRH$_ACTIVE_SESSION_HISTORY":"WRH$_ACTIVE_SESSION_HISTORY_1759634423_350"  38.26 KB       0 rows in 0 seconds using external_table
W-1 . . exported "SYS"."WRH$_EVENT_NAME"                     176.5 KB    2062 rows in 0 seconds using external_table
W-1 . . exported "SYS"."WRH$_DB_CACHE_ADVICE":"WRH$_DB_CACHE_ADVICE_1759634423_498"  23.97 KB     164 rows in 0 seconds using external_table
W-1 . . exported "SYS"."WRH$_DB_CACHE_ADVICE":"WRH$_DB_CACHE_ADVICE_1759634423_350"  11.48 KB       0 rows in 1 seconds using external_table
W-1 . . exported "SYS"."WRH$_DB_CACHE_ADVICE":"WRH$_DB_CACHE_ADVICE_1759634423_252"  11.48 KB       0 rows in 0 seconds using external_table
W-1 . . exported "SYS"."WRH$_DB_CACHE_ADVICE":"WRH$_DB_CACHE_ADVICE_1759634423_300"  11.48 KB       0 rows in 0 seconds using external_table
W-1 . . exported "SYS"."WRH$_DB_CACHE_ADVICE":"WRH$_DB_CACHE_ADVICE_1759634423_398"  11.48 KB       0 rows in 0 seconds using external_table
W-1 . . exported "SYS"."WRH$_DB_CACHE_ADVICE":"WRH$_DB_CACHE_ADVICE_1759634423_594"  11.48 KB       0 rows in 0 seconds using external_table
W-1 . . exported "SYS"."WRH$_DB_CACHE_ADVICE":"WRH$_DB_CACHE_ADVICE_1759634423_446"  11.48 KB       0 rows in 0 seconds using external_table
W-1 . . exported "SYS"."WRH$_SGA"                            9.062 KB      32 rows in 0 seconds using external_table
W-1 . . exported "SYS"."WRH$_RSRC_CONSUMER_GROUP"            25.45 KB       0 rows in 1 seconds using external_table
W-1 . . exported "SYS"."WRH$_DB_CACHE_ADVICE":"WRH$_DB_CACHE_ADVICE_1759634423_546"  11.48 KB       0 rows in 0 seconds using external_table
W-1 . . exported "SYS"."WRH$_CLUSTER_INTERCON"               9.703 KB      16 rows in 0 seconds using external_table
W-1 . . exported "SYS"."WRH$_ACTIVE_SESSION_HISTORY":"WRH$_ACTIVE_SESSION_HISTORY_1759634423_594"  38.26 KB       0 rows in 1 seconds using external_table
W-1 . . exported "SYS"."WRH$_DYN_REMASTER_STATS"             14.36 KB      16 rows in 0 seconds using external_table
W-1 . . exported "SYS"."WRH$_ACTIVE_SESSION_HISTORY":"WRH$_ACTIVE_SESSION_HISTORY_1759634423_398"  38.26 KB       0 rows in 0 seconds using external_table
W-1 . . exported "SYS"."WRH$_ACTIVE_SESSION_HISTORY":"WRH$_ACTIVE_SESSION_HISTORY_1759634423_546"  38.26 KB       0 rows in 1 seconds using external_table
W-1 . . exported "SYS"."WRH$_OPTIMIZER_ENV"                  29.67 KB      55 rows in 0 seconds using external_table
W-1 . . exported "SYS"."WRH$_SERVICE_STAT":"WRH$_SERVICE_STAT_1759634423_MXSN"  8.015 KB       0 rows in 0 seconds using external_table
W-1 . . exported "SYS"."WRH$_SERVICE_WAIT_CLASS":"WRH$_SERVICE_WAIT_CLASS_1759634423_498"  18.43 KB     164 rows in 1 seconds using external_table
W-1 . . exported "SYS"."WRH$_ACTIVE_SESSION_HISTORY":"WRH$_ACTIVE_SESSION_HISTORY_1759634423_300"  38.26 KB       0 rows in 0 seconds using external_table
W-1 . . exported "SYS"."WRH$_STAT_NAME"                      125.9 KB    2069 rows in 0 seconds using external_table
W-1 . . exported "SYS"."WRH$_SERVICE_WAIT_CLASS":"WRH$_SERVICE_WAIT_CLASS_1759634423_350"  8.882 KB       0 rows in 0 seconds using external_table
W-1 . . exported "SYS"."WRH$_RSRC_PDB_METRIC"                17.21 KB       8 rows in 1 seconds using external_table
W-1 . . exported "SYS"."WRH$_SERVICE_WAIT_CLASS":"WRH$_SERVICE_WAIT_CLASS_1759634423_594"  8.882 KB       0 rows in 0 seconds using external_table
W-1 . . exported "SYS"."WRH$_SERVICE_WAIT_CLASS":"WRH$_SERVICE_WAIT_CLASS_1759634423_398"  8.882 KB       0 rows in 0 seconds using external_table
W-1 . . exported "SYS"."WRH$_SERVICE_WAIT_CLASS":"WRH$_SERVICE_WAIT_CLASS_1759634423_446"  8.882 KB       0 rows in 0 seconds using external_table
W-1 . . exported "SYS"."WRH$_BUFFER_POOL_STATISTICS"         16.29 KB       8 rows in 1 seconds using external_table
W-1 . . exported "SYS"."WRH$_ACTIVE_SESSION_HISTORY":"WRH$_ACTIVE_SESSION_HISTORY_1759634423_252"  38.26 KB       0 rows in 0 seconds using external_table
W-1 . . exported "SYS"."WRH$_SERVICE_WAIT_CLASS":"WRH$_SERVICE_WAIT_CLASS_1759634423_546"  8.882 KB       0 rows in 0 seconds using external_table
W-1 . . exported "SYS"."WRH$_MVPARAMETER":"WRH$_MVPARAMETER_1759634423_498"  16.55 KB      84 rows in 1 seconds using external_table
W-1 . . exported "SYS"."WRH$_ACTIVE_SESSION_HISTORY":"WRH$_ACTIVE_SESSION_HISTORY_1759634423_446"  38.26 KB       0 rows in 0 seconds using external_table
W-1 . . exported "SYS"."WRH$_SERVICE_WAIT_CLASS":"WRH$_SERVICE_WAIT_CLASS_1759634423_300"  8.882 KB       0 rows in 0 seconds using external_table
W-1 . . exported "SYS"."WRH$_MVPARAMETER":"WRH$_MVPARAMETER_1759634423_350"  8.867 KB       0 rows in 1 seconds using external_table
W-1 . . exported "SYS"."WRH$_SERVICE_WAIT_CLASS":"WRH$_SERVICE_WAIT_CLASS_1759634423_252"  8.882 KB       0 rows in 0 seconds using external_table
W-1 . . exported "SYS"."WRH$_MVPARAMETER":"WRH$_MVPARAMETER_1759634423_252"  8.867 KB       0 rows in 0 seconds using external_table
W-1 . . exported "SYS"."WRH$_MVPARAMETER":"WRH$_MVPARAMETER_1759634423_300"  8.867 KB       0 rows in 0 seconds using external_table
W-1 . . exported "SYS"."WRH$_MVPARAMETER":"WRH$_MVPARAMETER_1759634423_398"  8.867 KB       0 rows in 0 seconds using external_table
W-1 . . exported "SYS"."WRH$_MVPARAMETER":"WRH$_MVPARAMETER_1759634423_446"  8.867 KB       0 rows in 0 seconds using external_table
W-1 . . exported "SYS"."WRM$_SNAPSHOT"                       12.12 KB       8 rows in 0 seconds using external_table
W-1 . . exported "SYS"."WRH$_MVPARAMETER":"WRH$_MVPARAMETER_1759634423_594"  8.867 KB       0 rows in 0 seconds using external_table
W-1 . . exported "SYS"."WRH$_SGASTAT":"WRH$_SGASTAT_1759634423_498"  15.61 KB     134 rows in 0 seconds using external_table
W-1 . . exported "SYS"."WRH$_IOSTAT_FILETYPE"                14.53 KB       8 rows in 1 seconds using external_table
W-1 . . exported "SYS"."WRH$_SGASTAT":"WRH$_SGASTAT_1759634423_594"  8.421 KB       0 rows in 0 seconds using external_table
W-1 . . exported "SYS"."WRH$_MVPARAMETER":"WRH$_MVPARAMETER_1759634423_546"  8.867 KB       0 rows in 0 seconds using external_table
W-1 . . exported "SYS"."WRH$_OSSTAT":"WRH$_OSSTAT_1759634423_498"  14.61 KB     200 rows in 0 seconds using external_table
W-1 . . exported "SYS"."WRH$_SGASTAT":"WRH$_SGASTAT_1759634423_350"  8.421 KB       0 rows in 1 seconds using external_table
W-1 . . exported "SYS"."WRH$_SGASTAT":"WRH$_SGASTAT_1759634423_398"  8.421 KB       0 rows in 0 seconds using external_table
W-1 . . exported "SYS"."WRH$_SGASTAT":"WRH$_SGASTAT_1759634423_300"  8.421 KB       0 rows in 0 seconds using external_table
W-1 . . exported "SYS"."WRH$_SGASTAT":"WRH$_SGASTAT_1759634423_252"  8.421 KB       0 rows in 0 seconds using external_table
W-1 . . exported "SYS"."WRH$_SGASTAT":"WRH$_SGASTAT_1759634423_446"  8.421 KB       0 rows in 0 seconds using external_table
W-1 . . exported "SYS"."WRH$_THREAD"                         10.09 KB      16 rows in 0 seconds using external_table
W-1 . . exported "SYS"."WRH$_ACTIVE_SESSION_HISTORY":"WRH$_ACTIVE_SESSION_HISTORY_1759634423_MXSN"  38.26 KB       0 rows in 1 seconds using external_table
W-1 . . exported "SYS"."WRH$_OSSTAT":"WRH$_OSSTAT_1759634423_350"  7.578 KB       0 rows in 0 seconds using external_table
W-1 . . exported "SYS"."WRH$_WAITSTAT":"WRH$_WAITSTAT_1759634423_498"  14.54 KB     144 rows in 0 seconds using external_table
W-1 . . exported "SYS"."WRH$_OSSTAT":"WRH$_OSSTAT_1759634423_446"  7.578 KB       0 rows in 1 seconds using external_table
W-1 . . exported "SYS"."WRH$_SGASTAT":"WRH$_SGASTAT_1759634423_546"  8.421 KB       0 rows in 0 seconds using external_table
W-1 . . exported "SYS"."WRH$_WAITSTAT":"WRH$_WAITSTAT_1759634423_350"      8 KB       0 rows in 0 seconds using external_table
W-1 . . exported "SYS"."WRH$_OSSTAT":"WRH$_OSSTAT_1759634423_594"  7.578 KB       0 rows in 0 seconds using external_table
W-1 . . exported "SYS"."WRH$_DB_CACHE_ADVICE":"WRH$_DB_CACHE_ADVICE_1759634423_MXSN"  11.48 KB       0 rows in 1 seconds using external_table
W-1 . . exported "SYS"."WRH$_OSSTAT":"WRH$_OSSTAT_1759634423_252"  7.578 KB       0 rows in 0 seconds using external_table
W-1 . . exported "SYS"."WRH$_OSSTAT":"WRH$_OSSTAT_1759634423_300"  7.578 KB       0 rows in 0 seconds using external_table
W-1 . . exported "SYS"."WRH$_OSSTAT":"WRH$_OSSTAT_1759634423_398"  7.578 KB       0 rows in 0 seconds using external_table
W-1 . . exported "SYS"."WRH$_WAITSTAT":"WRH$_WAITSTAT_1759634423_252"      8 KB       0 rows in 0 seconds using external_table
W-1 . . exported "SYS"."WRH$_WAITSTAT":"WRH$_WAITSTAT_1759634423_300"      8 KB       0 rows in 0 seconds using external_table
W-1 . . exported "SYS"."WRH$_WAITSTAT":"WRH$_WAITSTAT_1759634423_398"      8 KB       0 rows in 0 seconds using external_table
W-1 . . exported "SYS"."WRH$_WAITSTAT":"WRH$_WAITSTAT_1759634423_446"      8 KB       0 rows in 1 seconds using external_table
W-1 . . exported "SYS"."WRH$_WAITSTAT":"WRH$_WAITSTAT_1759634423_594"      8 KB       0 rows in 0 seconds using external_table
W-1 . . exported "SYS"."WRH$_CR_BLOCK_SERVER"                16.03 KB       8 rows in 0 seconds using external_table
W-1 . . exported "SYS"."WRH$_OSSTAT":"WRH$_OSSTAT_1759634423_546"  7.578 KB       0 rows in 0 seconds using external_table
W-1 . . exported "SYS"."WRH$_INSTANCE_RECOVERY"              15.27 KB       8 rows in 0 seconds using external_table
W-1 . . exported "SYS"."WRH$_SHARED_SERVER_SUMMARY"          14.67 KB       8 rows in 1 seconds using external_table
W-1 . . exported "SYS"."WRH$_WAITSTAT":"WRH$_WAITSTAT_1759634423_546"      8 KB       0 rows in 0 seconds using external_table
W-1 . . exported "SYS"."WRH$_LATCH_NAME"                     68.88 KB    1113 rows in 0 seconds using external_table
W-1 . . exported "SYS"."WRH$_INST_CACHE_TRANSFER":"WRH$_INST_CACHE_TRANSFER_1759634423_498"  20.95 KB      32 rows in 0 seconds using external_table
W-1 . . exported "SYS"."WRH$_CON_SYS_TIME_MODEL":"WRH$_CON_SYS_TIME_MODEL_1759634423_498"  12.46 KB     120 rows in 1 seconds using external_table
W-1 . . exported "SYS"."WRH$_SYS_TIME_MODEL":"WRH$_SYS_TIME_MODEL_1759634423_498"  12.45 KB     120 rows in 0 seconds using external_table
W-1 . . exported "SYS"."WRH$_INST_CACHE_TRANSFER":"WRH$_INST_CACHE_TRANSFER_1759634423_350"  17.05 KB       0 rows in 0 seconds using external_table
W-1 . . exported "SYS"."WRH$_CON_SYS_TIME_MODEL":"WRH$_CON_SYS_TIME_MODEL_1759634423_350"  7.593 KB       0 rows in 0 seconds using external_table
W-1 . . exported "SYS"."WRH$_SYS_TIME_MODEL":"WRH$_SYS_TIME_MODEL_1759634423_350"  7.585 KB       0 rows in 1 seconds using external_table
W-1 . . exported "SYS"."WRH$_INST_CACHE_TRANSFER":"WRH$_INST_CACHE_TRANSFER_1759634423_446"  17.05 KB       0 rows in 0 seconds using external_table
W-1 . . exported "SYS"."WRH$_CURRENT_BLOCK_SERVER"           14.50 KB       8 rows in 0 seconds using external_table
W-1 . . exported "SYS"."WRH$_INST_CACHE_TRANSFER":"WRH$_INST_CACHE_TRANSFER_1759634423_594"  17.05 KB       0 rows in 0 seconds using external_table
W-1 . . exported "SYS"."WRH$_INST_CACHE_TRANSFER":"WRH$_INST_CACHE_TRANSFER_1759634423_398"  17.05 KB       0 rows in 0 seconds using external_table
W-1 . . exported "SYS"."WRH$_CON_SYS_TIME_MODEL":"WRH$_CON_SYS_TIME_MODEL_1759634423_594"  7.593 KB       0 rows in 1 seconds using external_table
W-1 . . exported "SYS"."WRH$_SYS_TIME_MODEL":"WRH$_SYS_TIME_MODEL_1759634423_594"  7.585 KB       0 rows in 0 seconds using external_table
W-1 . . exported "SYS"."WRH$_CON_SYS_TIME_MODEL":"WRH$_CON_SYS_TIME_MODEL_1759634423_252"  7.593 KB       0 rows in 0 seconds using external_table
W-1 . . exported "SYS"."WRH$_CON_SYS_TIME_MODEL":"WRH$_CON_SYS_TIME_MODEL_1759634423_300"  7.593 KB       0 rows in 0 seconds using external_table
W-1 . . exported "SYS"."WRH$_CON_SYS_TIME_MODEL":"WRH$_CON_SYS_TIME_MODEL_1759634423_398"  7.593 KB       0 rows in 0 seconds using external_table
W-1 . . exported "SYS"."WRH$_CON_SYS_TIME_MODEL":"WRH$_CON_SYS_TIME_MODEL_1759634423_446"  7.593 KB       0 rows in 0 seconds using external_table
W-1 . . exported "SYS"."WRH$_SYS_TIME_MODEL":"WRH$_SYS_TIME_MODEL_1759634423_252"  7.585 KB       0 rows in 1 seconds using external_table
W-1 . . exported "SYS"."WRH$_SYS_TIME_MODEL":"WRH$_SYS_TIME_MODEL_1759634423_300"  7.585 KB       0 rows in 0 seconds using external_table
W-1 . . exported "SYS"."WRH$_SYS_TIME_MODEL":"WRH$_SYS_TIME_MODEL_1759634423_398"  7.585 KB       0 rows in 0 seconds using external_table
W-1 . . exported "SYS"."WRH$_SYS_TIME_MODEL":"WRH$_SYS_TIME_MODEL_1759634423_446"  7.585 KB       0 rows in 0 seconds using external_table
W-1 . . exported "SYS"."WRH$_SERVICE_WAIT_CLASS":"WRH$_SERVICE_WAIT_CLASS_1759634423_MXSN"  8.882 KB       0 rows in 0 seconds using external_table
W-1 . . exported "SYS"."WRH$_INST_CACHE_TRANSFER":"WRH$_INST_CACHE_TRANSFER_1759634423_252"  17.05 KB       0 rows in 0 seconds using external_table
W-1 . . exported "SYS"."WRH$_INST_CACHE_TRANSFER":"WRH$_INST_CACHE_TRANSFER_1759634423_300"  17.05 KB       0 rows in 1 seconds using external_table
W-1 . . exported "SYS"."WRH$_LMS_STATS"                      8.546 KB      16 rows in 0 seconds using external_table
W-1 . . exported "SYS"."WRH$_INST_CACHE_TRANSFER":"WRH$_INST_CACHE_TRANSFER_1759634423_546"  17.05 KB       0 rows in 0 seconds using external_table
W-1 . . exported "SYS"."WRH$_CON_SYS_TIME_MODEL":"WRH$_CON_SYS_TIME_MODEL_1759634423_546"  7.593 KB       0 rows in 0 seconds using external_table
W-1 . . exported "SYS"."WRH$_SYS_TIME_MODEL":"WRH$_SYS_TIME_MODEL_1759634423_546"  7.585 KB       0 rows in 0 seconds using external_table
W-1 . . exported "SYS"."WRH$_MVPARAMETER":"WRH$_MVPARAMETER_1759634423_MXSN"  8.867 KB       0 rows in 1 seconds using external_table
W-1 . . exported "SYS"."WRH$_DISPATCHER"                     10.09 KB       8 rows in 0 seconds using external_table
W-1 . . exported "SYS"."WRH$_SGASTAT":"WRH$_SGASTAT_1759634423_MXSN"  8.421 KB       0 rows in 0 seconds using external_table
W-1 . . exported "SYS"."WRH$_SQL_SUMMARY"                    8.835 KB       8 rows in 1 seconds using external_table
W-1 . . exported "SYS"."WRH$_OSSTAT":"WRH$_OSSTAT_1759634423_MXSN"  7.578 KB       0 rows in 0 seconds using external_table
W-1 . . exported "SYS"."WRH$_WAITSTAT":"WRH$_WAITSTAT_1759634423_MXSN"      8 KB       0 rows in 0 seconds using external_table
W-1 . . exported "SYS"."WRH$_RULE_SET"                       10.90 KB       4 rows in 0 seconds using external_table
W-1 . . exported "SYS"."WRH$_METRIC_NAME"                    42.94 KB     363 rows in 1 seconds using external_table
W-1 . . exported "SYS"."WRH$_INST_CACHE_TRANSFER":"WRH$_INST_CACHE_TRANSFER_1759634423_MXSN"  17.05 KB       0 rows in 0 seconds using external_table
W-1 . . exported "SYS"."WRH$_TABLESPACE_STAT":"WRH$_TABLESPACE_STAT_1759634423_498"  12.07 KB      32 rows in 0 seconds using external_table
W-1 . . exported "SYS"."WRH$_TABLESPACE_STAT":"WRH$_TABLESPACE_STAT_1759634423_350"  9.734 KB       0 rows in 0 seconds using external_table
W-1 . . exported "SYS"."WRH$_TABLESPACE_STAT":"WRH$_TABLESPACE_STAT_1759634423_252"  9.734 KB       0 rows in 0 seconds using external_table
W-1 . . exported "SYS"."WRH$_TABLESPACE_STAT":"WRH$_TABLESPACE_STAT_1759634423_300"  9.734 KB       0 rows in 1 seconds using external_table
W-1 . . exported "SYS"."WRH$_TABLESPACE_STAT":"WRH$_TABLESPACE_STAT_1759634423_398"  9.734 KB       0 rows in 0 seconds using external_table
W-1 . . exported "SYS"."WRH$_TABLESPACE_STAT":"WRH$_TABLESPACE_STAT_1759634423_446"  9.734 KB       0 rows in 0 seconds using external_table
W-1 . . exported "SYS"."WRH$_TABLESPACE_STAT":"WRH$_TABLESPACE_STAT_1759634423_594"  9.734 KB       0 rows in 0 seconds using external_table
W-1 . . exported "SYS"."WRH$_TABLESPACE_STAT":"WRH$_TABLESPACE_STAT_1759634423_546"  9.734 KB       0 rows in 0 seconds using external_table
W-1 . . exported "SYS"."WRH$_CON_SYS_TIME_MODEL":"WRH$_CON_SYS_TIME_MODEL_1759634423_MXSN"  7.593 KB       0 rows in 0 seconds using external_table
W-1 . . exported "SYS"."WRH$_SYS_TIME_MODEL":"WRH$_SYS_TIME_MODEL_1759634423_MXSN"  7.585 KB       0 rows in 1 seconds using external_table
W-1 . . exported "SYS"."WRH$_TABLESPACE_STAT":"WRH$_TABLESPACE_STAT_1759634423_MXSN"  9.734 KB       0 rows in 0 seconds using external_table
W-1 . . exported "SYS"."WRH$_SESS_NETWORK":"WRH$_SESS_NETWORK_1759634423_498"  23.71 KB      45 rows in 0 seconds using external_table
W-1 . . exported "SYS"."WRH$_INTERCONNECT_PINGS":"WRH$_INTERCONNECT_PINGS_1759634423_498"  10.64 KB      16 rows in 0 seconds using external_table
W-1 . . exported "SYS"."WRH$_INTERCONNECT_PINGS":"WRH$_INTERCONNECT_PINGS_1759634423_350"  9.726 KB       0 rows in 0 seconds using external_table
W-1 . . exported "SYS"."WRH$_INTERCONNECT_PINGS":"WRH$_INTERCONNECT_PINGS_1759634423_446"  9.726 KB       0 rows in 0 seconds using external_table
W-1 . . exported "SYS"."WRH$_INTERCONNECT_PINGS":"WRH$_INTERCONNECT_PINGS_1759634423_252"  9.726 KB       0 rows in 1 seconds using external_table
W-1 . . exported "SYS"."WRH$_INTERCONNECT_PINGS":"WRH$_INTERCONNECT_PINGS_1759634423_300"  9.726 KB       0 rows in 0 seconds using external_table
W-1 . . exported "SYS"."WRH$_INTERCONNECT_PINGS":"WRH$_INTERCONNECT_PINGS_1759634423_398"  9.726 KB       0 rows in 0 seconds using external_table
W-1 . . exported "SYS"."WRH$_INTERCONNECT_PINGS":"WRH$_INTERCONNECT_PINGS_1759634423_594"  9.726 KB       0 rows in 0 seconds using external_table
W-1 . . exported "SYS"."WRH$_INTERCONNECT_PINGS":"WRH$_INTERCONNECT_PINGS_1759634423_546"  9.726 KB       0 rows in 0 seconds using external_table
W-1 . . exported "SYS"."WRH$_SESS_NETWORK":"WRH$_SESS_NETWORK_1759634423_350"  18.42 KB       0 rows in 0 seconds using external_table
W-1 . . exported "SYS"."WRH$_PLAN_OPTION_NAME"               17.41 KB     259 rows in 0 seconds using external_table
W-1 . . exported "SYS"."WRM$_WR_CONTROL"                     16.12 KB       1 rows in 1 seconds using external_table
W-1 . . exported "SYS"."WRH$_INTERCONNECT_PINGS":"WRH$_INTERCONNECT_PINGS_1759634423_MXSN"  9.726 KB       0 rows in 0 seconds using external_table
W-1 . . exported "SYS"."WRH$_SQLCOMMAND_NAME"                14.48 KB     194 rows in 0 seconds using external_table
W-1 . . exported "SYS"."WRH$_TOPLEVELCALL_NAME"              12.96 KB     169 rows in 0 seconds using external_table
W-1 . . exported "SYS"."WRH$_PLAN_OPERATION_NAME"            12.60 KB     149 rows in 1 seconds using external_table
W-1 . . exported "SYS"."WRM$_DATABASE_INSTANCE"              11.78 KB       2 rows in 0 seconds using external_table
W-1 . . exported "SYS"."WRM$_PDB_IN_SNAP":"WRM$_PDB_IN_SNAP_1759634423_498"  7.507 KB       8 rows in 0 seconds using external_table
W-1 . . exported "SYS"."WRM$_PDB_IN_SNAP":"WRM$_PDB_IN_SNAP_1759634423_350"  7.187 KB       0 rows in 0 seconds using external_table
W-1 . . exported "SYS"."WRM$_PDB_IN_SNAP":"WRM$_PDB_IN_SNAP_1759634423_252"  7.187 KB       0 rows in 0 seconds using external_table
W-1 . . exported "SYS"."WRM$_PDB_IN_SNAP":"WRM$_PDB_IN_SNAP_1759634423_300"  7.187 KB       0 rows in 0 seconds using external_table
W-1 . . exported "SYS"."WRM$_PDB_IN_SNAP":"WRM$_PDB_IN_SNAP_1759634423_398"  7.187 KB       0 rows in 0 seconds using external_table
W-1 . . exported "SYS"."WRM$_PDB_IN_SNAP":"WRM$_PDB_IN_SNAP_1759634423_446"  7.187 KB       0 rows in 1 seconds using external_table
W-1 . . exported "SYS"."WRM$_PDB_IN_SNAP":"WRM$_PDB_IN_SNAP_1759634423_594"  7.187 KB       0 rows in 0 seconds using external_table
W-1 . . exported "SYS"."WRM$_PDB_IN_SNAP":"WRM$_PDB_IN_SNAP_1759634423_546"  7.187 KB       0 rows in 0 seconds using external_table
W-1 . . exported "SYS"."WRM$_TABLE_DEFAULT_SETTINGS"         10.58 KB     161 rows in 0 seconds using direct_path
W-1 . . exported "SYS"."WRH$_DATAFILE"                       9.804 KB       7 rows in 0 seconds using external_table
W-1 . . exported "SYS"."WRH$_TABLESPACE"                     9.429 KB       9 rows in 1 seconds using external_table
W-1 . . exported "SYS"."WRM$_PDB_INSTANCE"                   9.132 KB       2 rows in 0 seconds using external_table
W-1 . . exported "SYS"."WRM$_PDB_IN_SNAP":"WRM$_PDB_IN_SNAP_1759634423_MXSN"  7.187 KB       0 rows in 0 seconds using external_table
W-1 . . exported "SYS"."WRH$_OSSTAT_NAME"                    7.734 KB      25 rows in 0 seconds using external_table
W-1 . . exported "SYS"."WRH$_SERVICE_NAME"                   7.273 KB       2 rows in 0 seconds using external_table
W-1 . . exported "SYS"."WRH$_IOSTAT_FUNCTION_NAME"           7.257 KB      15 rows in 0 seconds using external_table
W-1 . . exported "SYS"."WRH$_IOSTAT_FILETYPE_NAME"           6.796 KB       1 rows in 0 seconds using external_table
W-1 . . exported "SYS"."WRH$_ACTIVE_SESSION_HISTORY":"WRH$_ACTIVE_SES_MXDB_MXSN"      0 KB       0 rows in 0 seconds using external_table
W-1 . . exported "SYS"."WRH$_ASM_BAD_DISK"                       0 KB       0 rows in 0 seconds using external_table
W-1 . . exported "SYS"."WRH$_ASM_DISKGROUP"                      0 KB       0 rows in 0 seconds using external_table
W-1 . . exported "SYS"."WRH$_ASM_DISKGROUP_STAT"                 0 KB       0 rows in 0 seconds using external_table
W-1 . . exported "SYS"."WRH$_ASM_DISK_STAT_SUMMARY":"WRH$_ASM_DISK_STAT_SUMMARY_1759634423_252"      0 KB       0 rows in 0 seconds using external_table
W-1 . . exported "SYS"."WRH$_ASM_DISK_STAT_SUMMARY":"WRH$_ASM_DISK_STAT_SUMMARY_1759634423_300"      0 KB       0 rows in 0 seconds using external_table
W-1 . . exported "SYS"."WRH$_ASM_DISK_STAT_SUMMARY":"WRH$_ASM_DISK_STAT_SUMMARY_1759634423_350"      0 KB       0 rows in 0 seconds using external_table
W-1 . . exported "SYS"."WRH$_ASM_DISK_STAT_SUMMARY":"WRH$_ASM_DISK_STAT_SUMMARY_1759634423_398"      0 KB       0 rows in 0 seconds using external_table
W-1 . . exported "SYS"."WRH$_ASM_DISK_STAT_SUMMARY":"WRH$_ASM_DISK_STAT_SUMMARY_1759634423_446"      0 KB       0 rows in 0 seconds using external_table
W-1 . . exported "SYS"."WRH$_ASM_DISK_STAT_SUMMARY":"WRH$_ASM_DISK_STAT_SUMMARY_1759634423_498"      0 KB       0 rows in 0 seconds using external_table
W-1 . . exported "SYS"."WRH$_ASM_DISK_STAT_SUMMARY":"WRH$_ASM_DISK_STAT_SUMMARY_1759634423_546"      0 KB       0 rows in 0 seconds using external_table
W-1 . . exported "SYS"."WRH$_ASM_DISK_STAT_SUMMARY":"WRH$_ASM_DISK_STAT_SUMMARY_1759634423_594"      0 KB       0 rows in 0 seconds using external_table
W-1 . . exported "SYS"."WRH$_ASM_DISK_STAT_SUMMARY":"WRH$_ASM_DISK_STAT_SUMMARY_1759634423_MXSN"      0 KB       0 rows in 0 seconds using external_table
W-1 . . exported "SYS"."WRH$_ASM_DISK_STAT_SUMMARY":"WRH$_ASM_DISK_ST_MXDB_MXSN"      0 KB       0 rows in 0 seconds using external_table
W-1 . . exported "SYS"."WRH$_AWR_TEST_1":"WRH$_AWR_TEST_1_1759634423_252"      0 KB       0 rows in 0 seconds using external_table
W-1 . . exported "SYS"."WRH$_AWR_TEST_1":"WRH$_AWR_TEST_1_1759634423_300"      0 KB       0 rows in 0 seconds using external_table
W-1 . . exported "SYS"."WRH$_AWR_TEST_1":"WRH$_AWR_TEST_1_1759634423_350"      0 KB       0 rows in 0 seconds using external_table
W-1 . . exported "SYS"."WRH$_AWR_TEST_1":"WRH$_AWR_TEST_1_1759634423_398"      0 KB       0 rows in 0 seconds using external_table
W-1 . . exported "SYS"."WRH$_AWR_TEST_1":"WRH$_AWR_TEST_1_1759634423_446"      0 KB       0 rows in 0 seconds using external_table
W-1 . . exported "SYS"."WRH$_AWR_TEST_1":"WRH$_AWR_TEST_1_1759634423_498"      0 KB       0 rows in 0 seconds using external_table
W-1 . . exported "SYS"."WRH$_AWR_TEST_1":"WRH$_AWR_TEST_1_1759634423_546"      0 KB       0 rows in 0 seconds using external_table
W-1 . . exported "SYS"."WRH$_AWR_TEST_1":"WRH$_AWR_TEST_1_1759634423_594"      0 KB       0 rows in 0 seconds using external_table
W-1 . . exported "SYS"."WRH$_AWR_TEST_1":"WRH$_AWR_TEST_1_1759634423_MXSN"      0 KB       0 rows in 0 seconds using external_table
W-1 . . exported "SYS"."WRH$_AWR_TEST_1":"WRH$_AWR_TEST_1_MXDB_MXSN"      0 KB       0 rows in 0 seconds using external_table
W-1 . . exported "SYS"."WRH$_BUFFERED_QUEUES"                    0 KB       0 rows in 0 seconds using external_table
W-1 . . exported "SYS"."WRH$_BUFFERED_SUBSCRIBERS"               0 KB       0 rows in 0 seconds using external_table
W-1 . . exported "SYS"."WRH$_CELL_CONFIG"                        0 KB       0 rows in 0 seconds using external_table
W-1 . . exported "SYS"."WRH$_CELL_CONFIG_DETAIL"                 0 KB       0 rows in 0 seconds using external_table
W-1 . . exported "SYS"."WRH$_CELL_DB":"WRH$_CELL_DB_1759634423_252"      0 KB       0 rows in 0 seconds using external_table
W-1 . . exported "SYS"."WRH$_CELL_DB":"WRH$_CELL_DB_1759634423_300"      0 KB       0 rows in 0 seconds using external_table
W-1 . . exported "SYS"."WRH$_CELL_DB":"WRH$_CELL_DB_1759634423_350"      0 KB       0 rows in 0 seconds using external_table
W-1 . . exported "SYS"."WRH$_CELL_DB":"WRH$_CELL_DB_1759634423_398"      0 KB       0 rows in 0 seconds using external_table
W-1 . . exported "SYS"."WRH$_CELL_DB":"WRH$_CELL_DB_1759634423_446"      0 KB       0 rows in 0 seconds using external_table
W-1 . . exported "SYS"."WRH$_CELL_DB":"WRH$_CELL_DB_1759634423_498"      0 KB       0 rows in 0 seconds using external_table
W-1 . . exported "SYS"."WRH$_CELL_DB":"WRH$_CELL_DB_1759634423_546"      0 KB       0 rows in 0 seconds using external_table
W-1 . . exported "SYS"."WRH$_CELL_DB":"WRH$_CELL_DB_1759634423_594"      0 KB       0 rows in 0 seconds using external_table
W-1 . . exported "SYS"."WRH$_CELL_DB":"WRH$_CELL_DB_1759634423_MXSN"      0 KB       0 rows in 0 seconds using external_table
W-1 . . exported "SYS"."WRH$_CELL_DB":"WRH$_CELL_DB_MXDB_MXSN"      0 KB       0 rows in 0 seconds using external_table
W-1 . . exported "SYS"."WRH$_CELL_DISK_SUMMARY":"WRH$_CELL_DISK_SUMMARY_1759634423_252"      0 KB       0 rows in 0 seconds using external_table
W-1 . . exported "SYS"."WRH$_CELL_DISK_SUMMARY":"WRH$_CELL_DISK_SUMMARY_1759634423_300"      0 KB       0 rows in 1 seconds using external_table
W-1 . . exported "SYS"."WRH$_CELL_DISK_SUMMARY":"WRH$_CELL_DISK_SUMMARY_1759634423_350"      0 KB       0 rows in 0 seconds using external_table
W-1 . . exported "SYS"."WRH$_CELL_DISK_SUMMARY":"WRH$_CELL_DISK_SUMMARY_1759634423_398"      0 KB       0 rows in 0 seconds using external_table
W-1 . . exported "SYS"."WRH$_CELL_DISK_SUMMARY":"WRH$_CELL_DISK_SUMMARY_1759634423_446"      0 KB       0 rows in 0 seconds using external_table
W-1 . . exported "SYS"."WRH$_CELL_DISK_SUMMARY":"WRH$_CELL_DISK_SUMMARY_1759634423_498"      0 KB       0 rows in 0 seconds using external_table
W-1 . . exported "SYS"."WRH$_CELL_DISK_SUMMARY":"WRH$_CELL_DISK_SUMMARY_1759634423_546"      0 KB       0 rows in 0 seconds using external_table
W-1 . . exported "SYS"."WRH$_CELL_DISK_SUMMARY":"WRH$_CELL_DISK_SUMMARY_1759634423_594"      0 KB       0 rows in 0 seconds using external_table
W-1 . . exported "SYS"."WRH$_CELL_DISK_SUMMARY":"WRH$_CELL_DISK_SUMMARY_1759634423_MXSN"      0 KB       0 rows in 0 seconds using external_table
W-1 . . exported "SYS"."WRH$_CELL_DISK_SUMMARY":"WRH$_CELL_DISK_SUMM_MXDB_MXSN"      0 KB       0 rows in 0 seconds using external_table
W-1 . . exported "SYS"."WRH$_CELL_GLOBAL":"WRH$_CELL_GLOBAL_1759634423_252"      0 KB       0 rows in 0 seconds using external_table
W-1 . . exported "SYS"."WRH$_CELL_GLOBAL":"WRH$_CELL_GLOBAL_1759634423_300"      0 KB       0 rows in 0 seconds using external_table
W-1 . . exported "SYS"."WRH$_CELL_GLOBAL":"WRH$_CELL_GLOBAL_1759634423_350"      0 KB       0 rows in 0 seconds using external_table
W-1 . . exported "SYS"."WRH$_CELL_GLOBAL":"WRH$_CELL_GLOBAL_1759634423_398"      0 KB       0 rows in 0 seconds using external_table
W-1 . . exported "SYS"."WRH$_CELL_GLOBAL":"WRH$_CELL_GLOBAL_1759634423_446"      0 KB       0 rows in 0 seconds using external_table
W-1 . . exported "SYS"."WRH$_CELL_GLOBAL":"WRH$_CELL_GLOBAL_1759634423_498"      0 KB       0 rows in 0 seconds using external_table
W-1 . . exported "SYS"."WRH$_CELL_GLOBAL":"WRH$_CELL_GLOBAL_1759634423_546"      0 KB       0 rows in 0 seconds using external_table
W-1 . . exported "SYS"."WRH$_CELL_GLOBAL":"WRH$_CELL_GLOBAL_1759634423_594"      0 KB       0 rows in 0 seconds using external_table
W-1 . . exported "SYS"."WRH$_CELL_GLOBAL":"WRH$_CELL_GLOBAL_1759634423_MXSN"      0 KB       0 rows in 0 seconds using external_table
W-1 . . exported "SYS"."WRH$_CELL_GLOBAL":"WRH$_CELL_GLOBAL_MXDB_MXSN"      0 KB       0 rows in 0 seconds using external_table
W-1 . . exported "SYS"."WRH$_CELL_GLOBAL_SUMMARY":"WRH$_CELL_GLOBAL_SUMMARY_1759634423_252"      0 KB       0 rows in 0 seconds using external_table
W-1 . . exported "SYS"."WRH$_CELL_GLOBAL_SUMMARY":"WRH$_CELL_GLOBAL_SUMMARY_1759634423_300"      0 KB       0 rows in 0 seconds using external_table
W-1 . . exported "SYS"."WRH$_CELL_GLOBAL_SUMMARY":"WRH$_CELL_GLOBAL_SUMMARY_1759634423_350"      0 KB       0 rows in 0 seconds using external_table
W-1 . . exported "SYS"."WRH$_CELL_GLOBAL_SUMMARY":"WRH$_CELL_GLOBAL_SUMMARY_1759634423_398"      0 KB       0 rows in 0 seconds using external_table
W-1 . . exported "SYS"."WRH$_CELL_GLOBAL_SUMMARY":"WRH$_CELL_GLOBAL_SUMMARY_1759634423_446"      0 KB       0 rows in 0 seconds using external_table
W-1 . . exported "SYS"."WRH$_CELL_GLOBAL_SUMMARY":"WRH$_CELL_GLOBAL_SUMMARY_1759634423_498"      0 KB       0 rows in 0 seconds using external_table
W-1 . . exported "SYS"."WRH$_CELL_GLOBAL_SUMMARY":"WRH$_CELL_GLOBAL_SUMMARY_1759634423_546"      0 KB       0 rows in 0 seconds using external_table
W-1 . . exported "SYS"."WRH$_CELL_GLOBAL_SUMMARY":"WRH$_CELL_GLOBAL_SUMMARY_1759634423_594"      0 KB       0 rows in 0 seconds using external_table
W-1 . . exported "SYS"."WRH$_CELL_GLOBAL_SUMMARY":"WRH$_CELL_GLOBAL_SUMMARY_1759634423_MXSN"      0 KB       0 rows in 0 seconds using external_table
W-1 . . exported "SYS"."WRH$_CELL_GLOBAL_SUMMARY":"WRH$_CELL_GLOB_SUMM_MXDB_MXSN"      0 KB       0 rows in 0 seconds using external_table
W-1 . . exported "SYS"."WRH$_CELL_IOREASON":"WRH$_CELL_IOREASON_1759634423_252"      0 KB       0 rows in 0 seconds using external_table
W-1 . . exported "SYS"."WRH$_CELL_IOREASON":"WRH$_CELL_IOREASON_1759634423_300"      0 KB       0 rows in 0 seconds using external_table
W-1 . . exported "SYS"."WRH$_CELL_IOREASON":"WRH$_CELL_IOREASON_1759634423_350"      0 KB       0 rows in 0 seconds using external_table
W-1 . . exported "SYS"."WRH$_CELL_IOREASON":"WRH$_CELL_IOREASON_1759634423_398"      0 KB       0 rows in 0 seconds using external_table
W-1 . . exported "SYS"."WRH$_CELL_IOREASON":"WRH$_CELL_IOREASON_1759634423_446"      0 KB       0 rows in 0 seconds using external_table
W-1 . . exported "SYS"."WRH$_CELL_IOREASON":"WRH$_CELL_IOREASON_1759634423_498"      0 KB       0 rows in 0 seconds using external_table
W-1 . . exported "SYS"."WRH$_CELL_IOREASON":"WRH$_CELL_IOREASON_1759634423_546"      0 KB       0 rows in 0 seconds using external_table
W-1 . . exported "SYS"."WRH$_CELL_IOREASON":"WRH$_CELL_IOREASON_1759634423_594"      0 KB       0 rows in 0 seconds using external_table
W-1 . . exported "SYS"."WRH$_CELL_IOREASON":"WRH$_CELL_IOREASON_1759634423_MXSN"      0 KB       0 rows in 0 seconds using external_table
W-1 . . exported "SYS"."WRH$_CELL_IOREASON":"WRH$_CELL_IOREASON_MXDB_MXSN"      0 KB       0 rows in 0 seconds using external_table
W-1 . . exported "SYS"."WRH$_CELL_IOREASON_NAME"                 0 KB       0 rows in 0 seconds using external_table
W-1 . . exported "SYS"."WRH$_CELL_METRIC_DESC"                   0 KB       0 rows in 0 seconds using external_table
W-1 . . exported "SYS"."WRH$_CELL_OPEN_ALERTS":"WRH$_CELL_DB_MXDB_MXSN"      0 KB       0 rows in 0 seconds using external_table
W-1 . . exported "SYS"."WRH$_CELL_OPEN_ALERTS":"WRH$_CELL_OPEN_ALERTS_1759634423_252"      0 KB       0 rows in 0 seconds using external_table
W-1 . . exported "SYS"."WRH$_CELL_OPEN_ALERTS":"WRH$_CELL_OPEN_ALERTS_1759634423_300"      0 KB       0 rows in 0 seconds using external_table
W-1 . . exported "SYS"."WRH$_CELL_OPEN_ALERTS":"WRH$_CELL_OPEN_ALERTS_1759634423_350"      0 KB       0 rows in 0 seconds using external_table
W-1 . . exported "SYS"."WRH$_CELL_OPEN_ALERTS":"WRH$_CELL_OPEN_ALERTS_1759634423_398"      0 KB       0 rows in 0 seconds using external_table
W-1 . . exported "SYS"."WRH$_CELL_OPEN_ALERTS":"WRH$_CELL_OPEN_ALERTS_1759634423_446"      0 KB       0 rows in 0 seconds using external_table
W-1 . . exported "SYS"."WRH$_CELL_OPEN_ALERTS":"WRH$_CELL_OPEN_ALERTS_1759634423_498"      0 KB       0 rows in 0 seconds using external_table
W-1 . . exported "SYS"."WRH$_CELL_OPEN_ALERTS":"WRH$_CELL_OPEN_ALERTS_1759634423_546"      0 KB       0 rows in 0 seconds using external_table
W-1 . . exported "SYS"."WRH$_CELL_OPEN_ALERTS":"WRH$_CELL_OPEN_ALERTS_1759634423_594"      0 KB       0 rows in 0 seconds using external_table
W-1 . . exported "SYS"."WRH$_CELL_OPEN_ALERTS":"WRH$_CELL_OPEN_ALERTS_1759634423_MXSN"      0 KB       0 rows in 0 seconds using external_table
W-1 . . exported "SYS"."WRH$_COMP_IOSTAT"                        0 KB       0 rows in 0 seconds using external_table
W-1 . . exported "SYS"."WRH$_CON_SYSMETRIC_HISTORY":"WRH$_CON_SYSMETRIC_HISTORY_1759634423_252"      0 KB       0 rows in 0 seconds using external_table
W-1 . . exported "SYS"."WRH$_CON_SYSMETRIC_HISTORY":"WRH$_CON_SYSMETRIC_HISTORY_1759634423_300"      0 KB       0 rows in 0 seconds using external_table
W-1 . . exported "SYS"."WRH$_CON_SYSMETRIC_HISTORY":"WRH$_CON_SYSMETRIC_HISTORY_1759634423_350"      0 KB       0 rows in 0 seconds using external_table
W-1 . . exported "SYS"."WRH$_CON_SYSMETRIC_HISTORY":"WRH$_CON_SYSMETRIC_HISTORY_1759634423_398"      0 KB       0 rows in 0 seconds using external_table
W-1 . . exported "SYS"."WRH$_CON_SYSMETRIC_HISTORY":"WRH$_CON_SYSMETRIC_HISTORY_1759634423_446"      0 KB       0 rows in 0 seconds using external_table
W-1 . . exported "SYS"."WRH$_CON_SYSMETRIC_HISTORY":"WRH$_CON_SYSMETRIC_HISTORY_1759634423_498"      0 KB       0 rows in 0 seconds using external_table
W-1 . . exported "SYS"."WRH$_CON_SYSMETRIC_HISTORY":"WRH$_CON_SYSMETRIC_HISTORY_1759634423_546"      0 KB       0 rows in 0 seconds using external_table
W-1 . . exported "SYS"."WRH$_CON_SYSMETRIC_HISTORY":"WRH$_CON_SYSMETRIC_HISTORY_1759634423_594"      0 KB       0 rows in 0 seconds using external_table
W-1 . . exported "SYS"."WRH$_CON_SYSMETRIC_HISTORY":"WRH$_CON_SYSMETRIC_HISTORY_1759634423_MXSN"      0 KB       0 rows in 0 seconds using external_table
W-1 . . exported "SYS"."WRH$_CON_SYSMETRIC_HISTORY":"WRH$_SYSME_HIST_MXDB_MXSN"      0 KB       0 rows in 0 seconds using external_table
W-1 . . exported "SYS"."WRH$_CON_SYSSTAT":"WRH$_CON_SYSSTAT_MXDB_MXSN"      0 KB       0 rows in 0 seconds using external_table
W-1 . . exported "SYS"."WRH$_CON_SYSTEM_EVENT":"WRH$_CON_SYSTEM_EVEN_MXDB_MXSN"      0 KB       0 rows in 0 seconds using external_table
W-1 . . exported "SYS"."WRH$_CON_SYS_TIME_MODEL":"WRH$_CON_SYS_TIME_MO_MXDB_MXSN"      0 KB       0 rows in 0 seconds using external_table
W-1 . . exported "SYS"."WRH$_DB_CACHE_ADVICE":"WRH$_DB_CACHE_AD_MXDB_MXSN"      0 KB       0 rows in 0 seconds using external_table
W-1 . . exported "SYS"."WRH$_DLM_MISC":"WRH$_DLM_MISC_MXDB_MXSN"      0 KB       0 rows in 0 seconds using external_table
W-1 . . exported "SYS"."WRH$_EVENT_HISTOGRAM":"WRH$_EVENT_HISTOGRAM_1759634423_252"      0 KB       0 rows in 0 seconds using external_table
W-1 . . exported "SYS"."WRH$_EVENT_HISTOGRAM":"WRH$_EVENT_HISTOGRAM_1759634423_300"      0 KB       0 rows in 0 seconds using external_table
W-1 . . exported "SYS"."WRH$_EVENT_HISTOGRAM":"WRH$_EVENT_HISTOGRAM_1759634423_350"      0 KB       0 rows in 0 seconds using external_table
W-1 . . exported "SYS"."WRH$_EVENT_HISTOGRAM":"WRH$_EVENT_HISTOGRAM_1759634423_398"      0 KB       0 rows in 0 seconds using external_table
W-1 . . exported "SYS"."WRH$_EVENT_HISTOGRAM":"WRH$_EVENT_HISTOGRAM_1759634423_446"      0 KB       0 rows in 0 seconds using external_table
W-1 . . exported "SYS"."WRH$_EVENT_HISTOGRAM":"WRH$_EVENT_HISTOGRAM_1759634423_498"      0 KB       0 rows in 0 seconds using external_table
W-1 . . exported "SYS"."WRH$_EVENT_HISTOGRAM":"WRH$_EVENT_HISTOGRAM_1759634423_546"      0 KB       0 rows in 0 seconds using external_table
W-1 . . exported "SYS"."WRH$_EVENT_HISTOGRAM":"WRH$_EVENT_HISTOGRAM_1759634423_594"      0 KB       0 rows in 0 seconds using external_table
W-1 . . exported "SYS"."WRH$_EVENT_HISTOGRAM":"WRH$_EVENT_HISTOGRAM_1759634423_MXSN"      0 KB       0 rows in 0 seconds using external_table
W-1 . . exported "SYS"."WRH$_EVENT_HISTOGRAM":"WRH$_EVENT_HISTO_MXDB_MXSN"      0 KB       0 rows in 0 seconds using external_table
W-1 . . exported "SYS"."WRH$_FILEMETRIC_HISTORY"                 0 KB       0 rows in 0 seconds using external_table
W-1 . . exported "SYS"."WRH$_FILESTATXS":"WRH$_FILESTATXS_1759634423_252"      0 KB       0 rows in 0 seconds using external_table
W-1 . . exported "SYS"."WRH$_FILESTATXS":"WRH$_FILESTATXS_1759634423_300"      0 KB       0 rows in 0 seconds using external_table
W-1 . . exported "SYS"."WRH$_FILESTATXS":"WRH$_FILESTATXS_1759634423_350"      0 KB       0 rows in 0 seconds using external_table
W-1 . . exported "SYS"."WRH$_FILESTATXS":"WRH$_FILESTATXS_1759634423_398"      0 KB       0 rows in 0 seconds using external_table
W-1 . . exported "SYS"."WRH$_FILESTATXS":"WRH$_FILESTATXS_1759634423_446"      0 KB       0 rows in 0 seconds using external_table
W-1 . . exported "SYS"."WRH$_FILESTATXS":"WRH$_FILESTATXS_1759634423_498"      0 KB       0 rows in 0 seconds using external_table
W-1 . . exported "SYS"."WRH$_FILESTATXS":"WRH$_FILESTATXS_1759634423_546"      0 KB       0 rows in 0 seconds using external_table
W-1 . . exported "SYS"."WRH$_FILESTATXS":"WRH$_FILESTATXS_1759634423_594"      0 KB       0 rows in 0 seconds using external_table
W-1 . . exported "SYS"."WRH$_FILESTATXS":"WRH$_FILESTATXS_1759634423_MXSN"      0 KB       0 rows in 0 seconds using external_table
W-1 . . exported "SYS"."WRH$_FILESTATXS":"WRH$_FILESTATXS_MXDB_MXSN"      0 KB       0 rows in 0 seconds using external_table
W-1 . . exported "SYS"."WRH$_IM_SEG_STAT":"WRH$_IM_SEG_STAT_1759634423_252"      0 KB       0 rows in 0 seconds using external_table
W-1 . . exported "SYS"."WRH$_IM_SEG_STAT":"WRH$_IM_SEG_STAT_1759634423_300"      0 KB       0 rows in 0 seconds using external_table
W-1 . . exported "SYS"."WRH$_IM_SEG_STAT":"WRH$_IM_SEG_STAT_1759634423_350"      0 KB       0 rows in 0 seconds using external_table
W-1 . . exported "SYS"."WRH$_IM_SEG_STAT":"WRH$_IM_SEG_STAT_1759634423_398"      0 KB       0 rows in 0 seconds using external_table
W-1 . . exported "SYS"."WRH$_IM_SEG_STAT":"WRH$_IM_SEG_STAT_1759634423_446"      0 KB       0 rows in 0 seconds using external_table
W-1 . . exported "SYS"."WRH$_IM_SEG_STAT":"WRH$_IM_SEG_STAT_1759634423_498"      0 KB       0 rows in 0 seconds using external_table
W-1 . . exported "SYS"."WRH$_IM_SEG_STAT":"WRH$_IM_SEG_STAT_1759634423_546"      0 KB       0 rows in 0 seconds using external_table
W-1 . . exported "SYS"."WRH$_IM_SEG_STAT":"WRH$_IM_SEG_STAT_1759634423_594"      0 KB       0 rows in 0 seconds using external_table
W-1 . . exported "SYS"."WRH$_IM_SEG_STAT":"WRH$_IM_SEG_STAT_1759634423_MXSN"      0 KB       0 rows in 0 seconds using external_table
W-1 . . exported "SYS"."WRH$_IM_SEG_STAT":"WRH$_IM_SEG_STAT_MXDB_MXSN"      0 KB       0 rows in 0 seconds using external_table
W-1 . . exported "SYS"."WRH$_IM_SEG_STAT_OBJ"                    0 KB       0 rows in 0 seconds using external_table
W-1 . . exported "SYS"."WRH$_INST_CACHE_TRANSFER":"WRH$_INST_CACHE_MXDB_MXSN"      0 KB       0 rows in 0 seconds using external_table
W-1 . . exported "SYS"."WRH$_INTERCONNECT_PINGS":"WRH$_IC_PINGS_MXDB_MXSN"      0 KB       0 rows in 0 seconds using external_table
W-1 . . exported "SYS"."WRH$_LATCH":"WRH$_LATCH_MXDB_MXSN"       0 KB       0 rows in 0 seconds using external_table
W-1 . . exported "SYS"."WRH$_LATCH_CHILDREN":"WRH$_LATCH_CHILDREN_1759634423_MXSN"      0 KB       0 rows in 0 seconds using external_table
W-1 . . exported "SYS"."WRH$_LATCH_CHILDREN":"WRH$_LATCH_CHILD_MXDB_MXSN"      0 KB       0 rows in 0 seconds using external_table
W-1 . . exported "SYS"."WRH$_LATCH_MISSES_SUMMARY":"WRH$_LATCH_MISSE_MXDB_MXSN"      0 KB       0 rows in 0 seconds using external_table
W-1 . . exported "SYS"."WRH$_LATCH_PARENT":"WRH$_LATCH_PARENT_1759634423_MXSN"      0 KB       0 rows in 0 seconds using external_table
W-1 . . exported "SYS"."WRH$_LATCH_PARENT":"WRH$_LATCH_PAREN_MXDB_MXSN"      0 KB       0 rows in 0 seconds using external_table
W-1 . . exported "SYS"."WRH$_MEMORY_RESIZE_OPS"                  0 KB       0 rows in 0 seconds using external_table
W-1 . . exported "SYS"."WRH$_MEMORY_TARGET_ADVICE"               0 KB       0 rows in 0 seconds using external_table
W-1 . . exported "SYS"."WRH$_MVPARAMETER":"WRH$_MVPARAMETER_MXDB_MXSN"      0 KB       0 rows in 0 seconds using external_table
W-1 . . exported "SYS"."WRH$_OSSTAT":"WRH$_OSSTAT_MXDB_MXSN"      0 KB       0 rows in 0 seconds using external_table
W-1 . . exported "SYS"."WRH$_PARAMETER":"WRH$_PARAMETER_MXDB_MXSN"      0 KB       0 rows in 0 seconds using external_table
W-1 . . exported "SYS"."WRH$_PROCESS_WAITTIME":"WRH$_PROCESS_WAITTIME_1759634423_252"      0 KB       0 rows in 0 seconds using external_table
W-1 . . exported "SYS"."WRH$_PROCESS_WAITTIME":"WRH$_PROCESS_WAITTIME_1759634423_300"      0 KB       0 rows in 0 seconds using external_table
W-1 . . exported "SYS"."WRH$_PROCESS_WAITTIME":"WRH$_PROCESS_WAITTIME_1759634423_350"      0 KB       0 rows in 0 seconds using external_table
W-1 . . exported "SYS"."WRH$_PROCESS_WAITTIME":"WRH$_PROCESS_WAITTIME_1759634423_398"      0 KB       0 rows in 0 seconds using external_table
W-1 . . exported "SYS"."WRH$_PROCESS_WAITTIME":"WRH$_PROCESS_WAITTIME_1759634423_446"      0 KB       0 rows in 0 seconds using external_table
W-1 . . exported "SYS"."WRH$_PROCESS_WAITTIME":"WRH$_PROCESS_WAITTIME_1759634423_498"      0 KB       0 rows in 0 seconds using external_table
W-1 . . exported "SYS"."WRH$_PROCESS_WAITTIME":"WRH$_PROCESS_WAITTIME_1759634423_546"      0 KB       0 rows in 0 seconds using external_table
W-1 . . exported "SYS"."WRH$_PROCESS_WAITTIME":"WRH$_PROCESS_WAITTIME_1759634423_594"      0 KB       0 rows in 0 seconds using external_table
W-1 . . exported "SYS"."WRH$_PROCESS_WAITTIME":"WRH$_PROCESS_WAITTIME_1759634423_MXSN"      0 KB       0 rows in 0 seconds using external_table
W-1 . . exported "SYS"."WRH$_PROCESS_WAITTIME":"WRH$_PROCESS_WAITTIM_MXDB_MXSN"      0 KB       0 rows in 0 seconds using external_table
W-1 . . exported "SYS"."WRH$_RECOVERY_PROGRESS"                  0 KB       0 rows in 0 seconds using external_table
W-1 . . exported "SYS"."WRH$_REPLICATION_TBL_STATS"              0 KB       0 rows in 0 seconds using external_table
W-1 . . exported "SYS"."WRH$_REPLICATION_TXN_STATS"              0 KB       0 rows in 0 seconds using external_table
W-1 . . exported "SYS"."WRH$_RESOURCE_LIMIT"                     0 KB       0 rows in 0 seconds using external_table
W-1 . . exported "SYS"."WRH$_ROWCACHE_SUMMARY":"WRH$_ROWCACHE_SU_MXDB_MXSN"      0 KB       0 rows in 0 seconds using external_table
W-1 . . exported "SYS"."WRH$_SEG_STAT":"WRH$_SEG_STAT_MXDB_MXSN"      0 KB       0 rows in 0 seconds using external_table
W-1 . . exported "SYS"."WRH$_SERVICE_STAT":"WRH$_SERVICE_STAT_MXDB_MXSN"      0 KB       0 rows in 0 seconds using external_table
W-1 . . exported "SYS"."WRH$_SERVICE_WAIT_CLASS":"WRH$_SERVICE_WAIT_MXDB_MXSN"      0 KB       0 rows in 0 seconds using external_table
W-1 . . exported "SYS"."WRH$_SESSMETRIC_HISTORY"                 0 KB       0 rows in 0 seconds using external_table
W-1 . . exported "SYS"."WRH$_SESS_NETWORK":"WRH$_SESS_NETWORK_1759634423_252"      0 KB       0 rows in 0 seconds using external_table
W-1 . . exported "SYS"."WRH$_SESS_NETWORK":"WRH$_SESS_NETWORK_1759634423_300"      0 KB       0 rows in 0 seconds using external_table
W-1 . . exported "SYS"."WRH$_SESS_NETWORK":"WRH$_SESS_NETWORK_1759634423_398"      0 KB       0 rows in 0 seconds using external_table
W-1 . . exported "SYS"."WRH$_SESS_NETWORK":"WRH$_SESS_NETWORK_1759634423_446"      0 KB       0 rows in 0 seconds using external_table
W-1 . . exported "SYS"."WRH$_SESS_NETWORK":"WRH$_SESS_NETWORK_1759634423_546"      0 KB       0 rows in 0 seconds using external_table
W-1 . . exported "SYS"."WRH$_SESS_NETWORK":"WRH$_SESS_NETWORK_1759634423_594"      0 KB       0 rows in 0 seconds using external_table
W-1 . . exported "SYS"."WRH$_SESS_NETWORK":"WRH$_SESS_NETWORK_1759634423_MXSN"      0 KB       0 rows in 0 seconds using external_table
W-1 . . exported "SYS"."WRH$_SESS_NETWORK":"WRH$_SESS_NETWORK_MXDB_MXSN"      0 KB       0 rows in 0 seconds using external_table
W-1 . . exported "SYS"."WRH$_SESS_SGA_STATS"                     0 KB       0 rows in 0 seconds using external_table
W-1 . . exported "SYS"."WRH$_SGASTAT":"WRH$_SGASTAT_MXDB_MXSN"      0 KB       0 rows in 0 seconds using external_table
W-1 . . exported "SYS"."WRH$_SQLSTAT":"WRH$_SQLSTAT_MXDB_MXSN"      0 KB       0 rows in 0 seconds using external_table
W-1 . . exported "SYS"."WRH$_STREAMS_APPLY_SUM"                  0 KB       0 rows in 0 seconds using external_table
W-1 . . exported "SYS"."WRH$_STREAMS_CAPTURE"                    0 KB       0 rows in 0 seconds using external_table
W-1 . . exported "SYS"."WRH$_SYSMETRIC_HISTORY":"WRH$_SYSMETRIC_HISTORY_1759634423_252"      0 KB       0 rows in 0 seconds using external_table
W-1 . . exported "SYS"."WRH$_SYSMETRIC_HISTORY":"WRH$_SYSMETRIC_HISTORY_1759634423_300"      0 KB       0 rows in 0 seconds using external_table
W-1 . . exported "SYS"."WRH$_SYSMETRIC_HISTORY":"WRH$_SYSMETRIC_HISTORY_1759634423_350"      0 KB       0 rows in 0 seconds using external_table
W-1 . . exported "SYS"."WRH$_SYSMETRIC_HISTORY":"WRH$_SYSMETRIC_HISTORY_1759634423_398"      0 KB       0 rows in 0 seconds using external_table
W-1 . . exported "SYS"."WRH$_SYSMETRIC_HISTORY":"WRH$_SYSMETRIC_HISTORY_1759634423_446"      0 KB       0 rows in 0 seconds using external_table
W-1 . . exported "SYS"."WRH$_SYSMETRIC_HISTORY":"WRH$_SYSMETRIC_HISTORY_1759634423_498"      0 KB       0 rows in 0 seconds using external_table
W-1 . . exported "SYS"."WRH$_SYSMETRIC_HISTORY":"WRH$_SYSMETRIC_HISTORY_1759634423_546"      0 KB       0 rows in 0 seconds using external_table
W-1 . . exported "SYS"."WRH$_SYSMETRIC_HISTORY":"WRH$_SYSMETRIC_HISTORY_1759634423_594"      0 KB       0 rows in 0 seconds using external_table
W-1 . . exported "SYS"."WRH$_SYSMETRIC_HISTORY":"WRH$_SYSMETRIC_HISTORY_1759634423_MXSN"      0 KB       0 rows in 0 seconds using external_table
W-1 . . exported "SYS"."WRH$_SYSMETRIC_HISTORY":"WRH$_SYSME_HIST_MXDB_MXSN"      0 KB       0 rows in 0 seconds using external_table
W-1 . . exported "SYS"."WRH$_SYSMETRIC_SUMMARY"                  0 KB       0 rows in 0 seconds using external_table
W-1 . . exported "SYS"."WRH$_SYSSTAT":"WRH$_SYSSTAT_MXDB_MXSN"      0 KB       0 rows in 0 seconds using external_table
W-1 . . exported "SYS"."WRH$_SYSTEM_EVENT":"WRH$_SYSTEM_EVEN_MXDB_MXSN"      0 KB       0 rows in 0 seconds using external_table
W-1 . . exported "SYS"."WRH$_SYS_TIME_MODEL":"WRH$_SYS_TIME_MO_MXDB_MXSN"      0 KB       0 rows in 0 seconds using external_table
W-1 . . exported "SYS"."WRH$_TABLESPACE_STAT":"WRH$_TABLESPACE_MXDB_MXSN"      0 KB       0 rows in 0 seconds using external_table
W-1 . . exported "SYS"."WRH$_TEMPFILE"                           0 KB       0 rows in 0 seconds using external_table
W-1 . . exported "SYS"."WRH$_TEMPSTATXS"                         0 KB       0 rows in 0 seconds using external_table
W-1 . . exported "SYS"."WRH$_WAITCLASSMETRIC_HISTORY"            0 KB       0 rows in 0 seconds using external_table
W-1 . . exported "SYS"."WRH$_WAITSTAT":"WRH$_WAITSTAT_MXDB_MXSN"      0 KB       0 rows in 0 seconds using external_table
W-1 . . exported "SYS"."WRM$_ACTIVE_PDBS":"WRM$_ACTIVE_PDBS_1759634423_252"      0 KB       0 rows in 0 seconds using external_table
W-1 . . exported "SYS"."WRM$_ACTIVE_PDBS":"WRM$_ACTIVE_PDBS_1759634423_300"      0 KB       0 rows in 0 seconds using external_table
W-1 . . exported "SYS"."WRM$_ACTIVE_PDBS":"WRM$_ACTIVE_PDBS_1759634423_350"      0 KB       0 rows in 0 seconds using external_table
W-1 . . exported "SYS"."WRM$_ACTIVE_PDBS":"WRM$_ACTIVE_PDBS_1759634423_398"      0 KB       0 rows in 0 seconds using external_table
W-1 . . exported "SYS"."WRM$_ACTIVE_PDBS":"WRM$_ACTIVE_PDBS_1759634423_446"      0 KB       0 rows in 0 seconds using external_table
W-1 . . exported "SYS"."WRM$_ACTIVE_PDBS":"WRM$_ACTIVE_PDBS_1759634423_498"      0 KB       0 rows in 0 seconds using external_table
W-1 . . exported "SYS"."WRM$_ACTIVE_PDBS":"WRM$_ACTIVE_PDBS_1759634423_546"      0 KB       0 rows in 0 seconds using external_table
W-1 . . exported "SYS"."WRM$_ACTIVE_PDBS":"WRM$_ACTIVE_PDBS_1759634423_594"      0 KB       0 rows in 0 seconds using external_table
W-1 . . exported "SYS"."WRM$_ACTIVE_PDBS":"WRM$_ACTIVE_PDBS_1759634423_MXSN"      0 KB       0 rows in 0 seconds using external_table
W-1 . . exported "SYS"."WRM$_ACTIVE_PDBS":"WRM$_ACTIVE_PDBS_MXDB_MXSN"      0 KB       0 rows in 0 seconds using external_table
W-1 . . exported "SYS"."WRM$_COLORED_SQL"                        0 KB       0 rows in 0 seconds using external_table
W-1 . . exported "SYS"."WRM$_PDB_IN_SNAP":"WRM$_PDB_IN_SNAP_MXDB_MXSN"      0 KB       0 rows in 0 seconds using external_table
W-1 . . exported "SYS"."WRM$_SNAP_ERROR"                         0 KB       0 rows in 0 seconds using external_table
W-1 . . exported "SYS"."WRM$_TABLE_SETTINGS"                     0 KB       0 rows in 0 seconds using external_table
W-1 . . exported "SYS"."WRW$_CLIENT_DELIVERY_SVC"                0 KB       0 rows in 0 seconds using external_table
W-1 . . exported "SYS"."WRW$_CLIENT_MAILPKG"                     0 KB       0 rows in 0 seconds using external_table
W-1 . . exported "SYS"."WRW$_SERVER_MAILPKG"                     0 KB       0 rows in 0 seconds using external_table
W-1 . . exported "SYS"."WRW$_WAREHOUSE_CONFIG"                   0 KB       0 rows in 0 seconds using external_table
W-1      Completed 518 TABLE_EXPORT/TABLE/TABLE_DATA objects in 75 seconds
W-1 Master table "SYS"."SYS_EXPORT_TABLE_01" successfully loaded/unloaded
******************************************************************************
Dump file set for SYS.SYS_EXPORT_TABLE_01 is:
  /datos/acfs/datapump/tmp/awrdat_482_485.dmp
Job "SYS"."SYS_EXPORT_TABLE_01" successfully completed at Wed Jul 5 16:48:31 2023 elapsed 0 00:01:53
